
2016-06-15 17:23:56
[WARN]-[Thread: qtp1574382656-23]-[com.jfinal.core.ActionHandler.handle()]: 404 Action Not Found: /

2016-06-16 15:34:23
[ERROR]-[Thread: main]-[com.jfinal.kit.LogKit.error()]: port: 80 already in use!
java.lang.IllegalStateException: port: 80 already in use!
	at com.jfinal.server.JettyServer.doStart(JettyServer.java:79)
	at com.jfinal.server.JettyServer.start(JettyServer.java:65)
	at com.jfinal.core.JFinal.main(JFinal.java:168)

2016-06-16 15:34:47
[WARN]-[Thread: qtp1503284705-24]-[com.jfinal.core.ActionHandler.handle()]: 404 Action Not Found: /

2016-06-16 15:48:40
[WARN]-[Thread: qtp1503284705-23]-[com.jfinal.core.ActionHandler.handle()]: 404 Action Not Found: /

2016-06-16 15:51:06
[WARN]-[Thread: qtp1503284705-25]-[com.jfinal.core.ActionHandler.handle()]: 404 Action Not Found: /

2016-06-16 17:25:12
[WARN]-[Thread: qtp1503284705-23]-[com.jfinal.core.ActionHandler.handle()]: 404 Action Not Found: /

2016-06-16 17:25:13
[WARN]-[Thread: qtp1503284705-24]-[com.jfinal.core.ActionHandler.handle()]: 404 Action Not Found: /

2016-06-16 17:25:21
[ERROR]-[Thread: qtp1503284705-26]-[com.jfinal.core.ActionHandler.handle()]: /user/login
com.jfinal.plugin.activerecord.ActiveRecordException: com.mysql.jdbc.exceptions.jdbc4.MySQLSyntaxErrorException: Unknown column 'username' in 'where clause'
	at com.jfinal.plugin.activerecord.Model.find(Model.java:565)
	at com.jfinal.plugin.activerecord.Model.findFirst(Model.java:594)
	at cherry.service.UserS.findUser(UserS.java:17)
	at cherry.controller.UserC.login(UserC.java:47)
	at sun.reflect.NativeMethodAccessorImpl.invoke0(Native Method)
	at sun.reflect.NativeMethodAccessorImpl.invoke(NativeMethodAccessorImpl.java:57)
	at sun.reflect.DelegatingMethodAccessorImpl.invoke(DelegatingMethodAccessorImpl.java:43)
	at java.lang.reflect.Method.invoke(Method.java:606)
	at com.jfinal.aop.Invocation.invoke(Invocation.java:73)
	at com.jfinal.i18n.I18nInterceptor.intercept(I18nInterceptor.java:106)
	at com.jfinal.aop.Invocation.invoke(Invocation.java:67)
	at com.jfinal.core.ActionHandler.handle(ActionHandler.java:82)
	at com.jfinal.core.JFinalFilter.doFilter(JFinalFilter.java:72)
	at org.eclipse.jetty.servlet.ServletHandler$CachedChain.doFilter(ServletHandler.java:1307)
	at org.eclipse.jetty.servlet.ServletHandler.doHandle(ServletHandler.java:453)
	at org.eclipse.jetty.server.handler.ScopedHandler.handle(ScopedHandler.java:137)
	at org.eclipse.jetty.security.SecurityHandler.handle(SecurityHandler.java:560)
	at org.eclipse.jetty.server.session.SessionHandler.doHandle(SessionHandler.java:231)
	at org.eclipse.jetty.server.handler.ContextHandler.doHandle(ContextHandler.java:1072)
	at org.eclipse.jetty.servlet.ServletHandler.doScope(ServletHandler.java:382)
	at org.eclipse.jetty.server.session.SessionHandler.doScope(SessionHandler.java:193)
	at org.eclipse.jetty.server.handler.ContextHandler.doScope(ContextHandler.java:1006)
	at org.eclipse.jetty.server.handler.ScopedHandler.handle(ScopedHandler.java:135)
	at org.eclipse.jetty.server.handler.HandlerWrapper.handle(HandlerWrapper.java:116)
	at org.eclipse.jetty.server.Server.handle(Server.java:365)
	at org.eclipse.jetty.server.AbstractHttpConnection.handleRequest(AbstractHttpConnection.java:485)
	at org.eclipse.jetty.server.AbstractHttpConnection.content(AbstractHttpConnection.java:937)
	at org.eclipse.jetty.server.AbstractHttpConnection$RequestHandler.content(AbstractHttpConnection.java:998)
	at org.eclipse.jetty.http.HttpParser.parseNext(HttpParser.java:856)
	at org.eclipse.jetty.http.HttpParser.parseAvailable(HttpParser.java:240)
	at org.eclipse.jetty.server.AsyncHttpConnection.handle(AsyncHttpConnection.java:82)
	at org.eclipse.jetty.io.nio.SelectChannelEndPoint.handle(SelectChannelEndPoint.java:628)
	at org.eclipse.jetty.io.nio.SelectChannelEndPoint$1.run(SelectChannelEndPoint.java:52)
	at org.eclipse.jetty.util.thread.QueuedThreadPool.runJob(QueuedThreadPool.java:608)
	at org.eclipse.jetty.util.thread.QueuedThreadPool$3.run(QueuedThreadPool.java:543)
	at java.lang.Thread.run(Thread.java:745)
Caused by: com.mysql.jdbc.exceptions.jdbc4.MySQLSyntaxErrorException: Unknown column 'username' in 'where clause'
	at sun.reflect.NativeConstructorAccessorImpl.newInstance0(Native Method)
	at sun.reflect.NativeConstructorAccessorImpl.newInstance(NativeConstructorAccessorImpl.java:57)
	at sun.reflect.DelegatingConstructorAccessorImpl.newInstance(DelegatingConstructorAccessorImpl.java:45)
	at java.lang.reflect.Constructor.newInstance(Constructor.java:526)
	at com.mysql.jdbc.Util.handleNewInstance(Util.java:411)
	at com.mysql.jdbc.Util.getInstance(Util.java:386)
	at com.mysql.jdbc.SQLError.createSQLException(SQLError.java:1052)
	at com.mysql.jdbc.MysqlIO.checkErrorPacket(MysqlIO.java:4096)
	at com.mysql.jdbc.MysqlIO.checkErrorPacket(MysqlIO.java:4028)
	at com.mysql.jdbc.MysqlIO.sendCommand(MysqlIO.java:2490)
	at com.mysql.jdbc.MysqlIO.sqlQueryDirect(MysqlIO.java:2651)
	at com.mysql.jdbc.ConnectionImpl.execSQL(ConnectionImpl.java:2683)
	at com.mysql.jdbc.PreparedStatement.executeInternal(PreparedStatement.java:2144)
	at com.mysql.jdbc.PreparedStatement.executeQuery(PreparedStatement.java:2310)
	at com.mchange.v2.c3p0.impl.NewProxyPreparedStatement.executeQuery(NewProxyPreparedStatement.java:379)
	at com.jfinal.plugin.activerecord.Model.find(Model.java:546)
	at com.jfinal.plugin.activerecord.Model.find(Model.java:563)
	... 35 more

2016-06-17 13:59:01
[WARN]-[Thread: qtp1574382656-24]-[com.jfinal.core.ActionHandler.handle()]: 404 Action Not Found: /

2016-06-17 15:11:29
[WARN]-[Thread: qtp560929980-24]-[com.jfinal.core.ActionHandler.handle()]: 404 Action Not Found: /

2016-06-17 15:29:02
[WARN]-[Thread: qtp1873444284-26]-[com.jfinal.core.ActionHandler.handle()]: 404 Action Not Found: /

2016-06-17 15:47:05
[WARN]-[Thread: qtp1503284705-20]-[com.jfinal.core.ActionHandler.handle()]: 404 Action Not Found: /index

2016-06-17 15:47:07
[WARN]-[Thread: qtp1503284705-24]-[com.jfinal.core.ActionHandler.handle()]: 404 Action Not Found: /index

2016-06-17 15:47:36
[WARN]-[Thread: qtp1503284705-26]-[com.jfinal.core.ActionHandler.handle()]: 404 Action Not Found: /index

2016-06-17 15:47:41
[WARN]-[Thread: qtp1503284705-22]-[com.jfinal.core.ActionHandler.handle()]: 404 Action Not Found: /user/home

2016-06-17 15:47:43
[WARN]-[Thread: qtp1503284705-23]-[com.jfinal.core.ActionHandler.handle()]: 404 Action Not Found: /user/home

2016-06-17 17:16:19
[WARN]-[Thread: qtp1503284705-20]-[com.jfinal.core.ActionHandler.handle()]: 404 Action Not Found: /

2016-06-17 17:16:33
[WARN]-[Thread: qtp1503284705-26]-[com.jfinal.core.ActionHandler.handle()]: 404 Action Not Found: /user/home

2016-06-17 17:16:37
[WARN]-[Thread: qtp1503284705-21]-[com.jfinal.core.ActionHandler.handle()]: 404 Action Not Found: /user/home

2016-06-17 17:22:33
[WARN]-[Thread: qtp1503284705-20]-[com.jfinal.core.ActionHandler.handle()]: 404 Action Not Found: /

2016-06-17 17:24:17
[WARN]-[Thread: qtp1503284705-20]-[com.jfinal.core.ActionHandler.handle()]: 404 Action Not Found: /

2016-07-01 16:45:22
[WARN]-[Thread: qtp560929980-24]-[com.jfinal.core.ActionHandler.handle()]: 404 Action Not Found: /

2016-07-01 16:45:22
[WARN]-[Thread: qtp560929980-26]-[com.jfinal.core.ActionHandler.handle()]: 404 Action Not Found: /

2016-07-01 16:45:32
[WARN]-[Thread: qtp560929980-24]-[com.jfinal.core.ActionHandler.handle()]: 404 Action Not Found: /user/loginjsp

2016-07-01 16:45:36
[WARN]-[Thread: qtp560929980-24]-[com.jfinal.core.ActionHandler.handle()]: 404 Action Not Found: /user/loginJsp

2016-07-01 16:45:38
[WARN]-[Thread: qtp560929980-27]-[com.jfinal.core.ActionHandler.handle()]: 404 Action Not Found: /user/loginJsp

2016-07-01 17:00:53
[WARN]-[Thread: qtp560929980-24]-[com.jfinal.core.ActionHandler.handle()]: 404 Action Not Found: /

2016-07-01 17:01:05
[WARN]-[Thread: qtp560929980-25]-[com.jfinal.core.ActionHandler.handle()]: 404 Action Not Found: /user/home

2016-07-01 17:01:07
[WARN]-[Thread: qtp560929980-24]-[com.jfinal.core.ActionHandler.handle()]: 404 Action Not Found: /user/home

2016-07-01 17:16:08
[WARN]-[Thread: qtp1873444284-20]-[com.jfinal.core.ActionHandler.handle()]: 404 Action Not Found: /user/home

2016-07-01 17:16:10
[WARN]-[Thread: qtp1873444284-26]-[com.jfinal.core.ActionHandler.handle()]: 404 Action Not Found: /user/home
